# Logfile created on 2014-03-20 07:29:07 -0300 by logger.rb/44203
I, [2014-03-20T07:29:07.669001 #3833]  INFO -- : 0:  rake (10.1.1) from /home/stax/.rvm/gems/ruby-2.1.0/specifications/rake-10.1.1.gemspec
I, [2014-03-20T07:29:07.670360 #3833]  INFO -- : 0:  i18n (0.6.9) from /home/stax/.rvm/gems/ruby-2.1.0/specifications/i18n-0.6.9.gemspec
E, [2014-03-20T07:29:07.685566 #3833] ERROR -- : Bundler::GemNotFound: Could not find minitest-4.7.5.gem for installation
/home/stax/.rvm/gems/ruby-2.1.0@global/gems/bundler-1.5.0/lib/bundler/source/rubygems.rb:149:in `cached_gem'  \n/home/stax/.rvm/gems/ruby-2.1.0@global/gems/bundler-1.5.0/lib/bundler/source/rubygems.rb:84:in `install'  \n/home/stax/.rvm/gems/ruby-2.1.0@global/gems/bundler-1.5.0/lib/bundler/installer.rb:111:in `block in install_gem_from_spec'  \n/home/stax/.rvm/gems/ruby-2.1.0@global/gems/bundler-1.5.0/lib/bundler/rubygems_integration.rb:150:in `with_build_args'  \n/home/stax/.rvm/gems/ruby-2.1.0@global/gems/bundler-1.5.0/lib/bundler/installer.rb:110:in `install_gem_from_spec'  \n/home/stax/.rvm/gems/ruby-2.1.0@global/gems/bundler-1.5.0/lib/bundler/installer.rb:295:in `block in install_sequentially'  \n/home/stax/.rvm/rubies/ruby-2.1.0/lib/ruby/2.1.0/forwardable.rb:183:in `each'  \n/home/stax/.rvm/rubies/ruby-2.1.0/lib/ruby/2.1.0/forwardable.rb:183:in `each'  \n/home/stax/.rvm/gems/ruby-2.1.0@global/gems/bundler-1.5.0/lib/bundler/installer.rb:294:in `install_sequentially'  \n/home/stax/.rvm/gems/ruby-2.1.0@global/gems/bundler-1.5.0/lib/bundler/installer.rb:97:in `run'  \n/home/stax/.rvm/gems/ruby-2.1.0@global/gems/bundler-1.5.0/lib/bundler/installer.rb:15:in `install'  \n/home/stax/.rvm/gems/ruby-2.1.0@global/gems/bundler-1.5.0/lib/bundler/cli.rb:257:in `install'  \n/home/stax/.rvm/gems/ruby-2.1.0@global/gems/bundler-1.5.0/lib/bundler/vendor/thor/command.rb:27:in `run'  \n/home/stax/.rvm/gems/ruby-2.1.0@global/gems/bundler-1.5.0/lib/bundler/vendor/thor/invocation.rb:120:in `invoke_command'  \n/home/stax/.rvm/gems/ruby-2.1.0@global/gems/bundler-1.5.0/lib/bundler/vendor/thor.rb:363:in `dispatch'  \n/home/stax/.rvm/gems/ruby-2.1.0@global/gems/bundler-1.5.0/lib/bundler/vendor/thor/base.rb:438:in `start'  \n/home/stax/.rvm/gems/ruby-2.1.0@global/gems/bundler-1.5.0/lib/bundler/cli.rb:10:in `start'  \n/home/stax/.rvm/gems/ruby-2.1.0@global/gems/bundler-1.5.0/bin/bundle:22:in `block in <main>'  \n/home/stax/.rvm/gems/ruby-2.1.0@global/gems/bundler-1.5.0/lib/bundler/friendly_errors.rb:5:in `with_friendly_errors'  \n/home/stax/.rvm/gems/ruby-2.1.0@global/gems/bundler-1.5.0/bin/bundle:22:in `<main>'
I, [2014-03-26T16:18:14.362078 #3751]  INFO -- : 0:  rake (10.2.1) from /home/stax/.rvm/gems/ruby-2.1.0/specifications/rake-10.2.1.gemspec
I, [2014-03-26T16:18:14.362703 #3751]  INFO -- : 0:  i18n (0.6.9) from /home/stax/.rvm/gems/ruby-2.1.0/specifications/i18n-0.6.9.gemspec
E, [2014-03-26T16:18:14.374075 #3751] ERROR -- : Bundler::GemNotFound: Could not find minitest-4.7.5.gem for installation
/home/stax/.rvm/gems/ruby-2.1.0@global/gems/bundler-1.5.0/lib/bundler/source/rubygems.rb:149:in `cached_gem'  \n/home/stax/.rvm/gems/ruby-2.1.0@global/gems/bundler-1.5.0/lib/bundler/source/rubygems.rb:84:in `install'  \n/home/stax/.rvm/gems/ruby-2.1.0@global/gems/bundler-1.5.0/lib/bundler/installer.rb:111:in `block in install_gem_from_spec'  \n/home/stax/.rvm/gems/ruby-2.1.0@global/gems/bundler-1.5.0/lib/bundler/rubygems_integration.rb:150:in `with_build_args'  \n/home/stax/.rvm/gems/ruby-2.1.0@global/gems/bundler-1.5.0/lib/bundler/installer.rb:110:in `install_gem_from_spec'  \n/home/stax/.rvm/gems/ruby-2.1.0@global/gems/bundler-1.5.0/lib/bundler/installer.rb:295:in `block in install_sequentially'  \n/home/stax/.rvm/rubies/ruby-2.1.0/lib/ruby/2.1.0/forwardable.rb:183:in `each'  \n/home/stax/.rvm/rubies/ruby-2.1.0/lib/ruby/2.1.0/forwardable.rb:183:in `each'  \n/home/stax/.rvm/gems/ruby-2.1.0@global/gems/bundler-1.5.0/lib/bundler/installer.rb:294:in `install_sequentially'  \n/home/stax/.rvm/gems/ruby-2.1.0@global/gems/bundler-1.5.0/lib/bundler/installer.rb:97:in `run'  \n/home/stax/.rvm/gems/ruby-2.1.0@global/gems/bundler-1.5.0/lib/bundler/installer.rb:15:in `install'  \n/home/stax/.rvm/gems/ruby-2.1.0@global/gems/bundler-1.5.0/lib/bundler/cli.rb:257:in `install'  \n/home/stax/.rvm/gems/ruby-2.1.0@global/gems/bundler-1.5.0/lib/bundler/vendor/thor/command.rb:27:in `run'  \n/home/stax/.rvm/gems/ruby-2.1.0@global/gems/bundler-1.5.0/lib/bundler/vendor/thor/invocation.rb:120:in `invoke_command'  \n/home/stax/.rvm/gems/ruby-2.1.0@global/gems/bundler-1.5.0/lib/bundler/vendor/thor.rb:363:in `dispatch'  \n/home/stax/.rvm/gems/ruby-2.1.0@global/gems/bundler-1.5.0/lib/bundler/vendor/thor/base.rb:438:in `start'  \n/home/stax/.rvm/gems/ruby-2.1.0@global/gems/bundler-1.5.0/lib/bundler/cli.rb:10:in `start'  \n/home/stax/.rvm/gems/ruby-2.1.0@global/gems/bundler-1.5.0/bin/bundle:22:in `block in <top (required)>'  \n/home/stax/.rvm/gems/ruby-2.1.0@global/gems/bundler-1.5.0/lib/bundler/friendly_errors.rb:5:in `with_friendly_errors'  \n/home/stax/.rvm/gems/ruby-2.1.0@global/gems/bundler-1.5.0/bin/bundle:22:in `<top (required)>'  \n/home/stax/.rvm/gems/ruby-2.1.0@global/bin/bundle:23:in `load'  \n/home/stax/.rvm/gems/ruby-2.1.0@global/bin/bundle:23:in `<main>'  \n/home/stax/.rvm/gems/ruby-2.1.0/bin/ruby_executable_hooks:15:in `eval'  \n/home/stax/.rvm/gems/ruby-2.1.0/bin/ruby_executable_hooks:15:in `<main>'
I, [2014-03-26T16:21:19.394964 #3785]  INFO -- : 0:  rake (10.2.1) from /home/stax/.rvm/gems/ruby-2.1.0/specifications/rake-10.2.1.gemspec
I, [2014-03-26T16:21:19.395340 #3785]  INFO -- : 0:  i18n (0.6.9) from /home/stax/.rvm/gems/ruby-2.1.0/specifications/i18n-0.6.9.gemspec
I, [2014-03-26T16:21:19.452383 #3785]  INFO -- : 0:  minitest (4.7.5) from /home/stax/.rvm/gems/ruby-2.1.0/specifications/minitest-4.7.5.gemspec
I, [2014-03-26T16:21:19.452816 #3785]  INFO -- : 0:  multi_json (1.9.2) from /home/stax/.rvm/gems/ruby-2.1.0/specifications/multi_json-1.9.2.gemspec
I, [2014-03-26T16:21:19.453101 #3785]  INFO -- : 0:  atomic (1.1.16) from /home/stax/.rvm/gems/ruby-2.1.0/specifications/atomic-1.1.16.gemspec
I, [2014-03-26T16:21:24.435049 #3785]  INFO -- : 0:  thread_safe (0.3.1) from /home/stax/.rvm/gems/ruby-2.1.0/specifications/thread_safe-0.3.1.gemspec
I, [2014-03-26T16:21:24.436298 #3785]  INFO -- : 0:  tzinfo (0.3.39) from /home/stax/.rvm/gems/ruby-2.1.0/specifications/tzinfo-0.3.39.gemspec
I, [2014-03-26T16:21:24.437287 #3785]  INFO -- : 0:  activesupport (4.0.4) from /home/stax/.rvm/gems/ruby-2.1.0/specifications/activesupport-4.0.4.gemspec
I, [2014-03-26T16:21:24.438296 #3785]  INFO -- : 0:  builder (3.1.4) from /home/stax/.rvm/gems/ruby-2.1.0/specifications/builder-3.1.4.gemspec
I, [2014-03-26T16:21:24.439228 #3785]  INFO -- : 0:  erubis (2.7.0) from /home/stax/.rvm/gems/ruby-2.1.0/specifications/erubis-2.7.0.gemspec
I, [2014-03-26T16:21:24.440112 #3785]  INFO -- : 0:  rack (1.5.2) from /home/stax/.rvm/gems/ruby-2.1.0/specifications/rack-1.5.2.gemspec
I, [2014-03-26T16:21:24.440991 #3785]  INFO -- : 0:  rack-test (0.6.2) from /home/stax/.rvm/gems/ruby-2.1.0/specifications/rack-test-0.6.2.gemspec
I, [2014-03-26T16:21:24.442011 #3785]  INFO -- : 0:  actionpack (4.0.4) from /home/stax/.rvm/gems/ruby-2.1.0/specifications/actionpack-4.0.4.gemspec
I, [2014-03-26T16:21:24.442896 #3785]  INFO -- : 0:  mime-types (1.25.1) from /home/stax/.rvm/gems/ruby-2.1.0/specifications/mime-types-1.25.1.gemspec
I, [2014-03-26T16:21:24.443839 #3785]  INFO -- : 0:  polyglot (0.3.4) from /home/stax/.rvm/gems/ruby-2.1.0/specifications/polyglot-0.3.4.gemspec
I, [2014-03-26T16:21:24.444713 #3785]  INFO -- : 0:  treetop (1.4.15) from /home/stax/.rvm/gems/ruby-2.1.0/specifications/treetop-1.4.15.gemspec
I, [2014-03-26T16:21:24.445764 #3785]  INFO -- : 0:  mail (2.5.4) from /home/stax/.rvm/gems/ruby-2.1.0/specifications/mail-2.5.4.gemspec
I, [2014-03-26T16:21:24.446810 #3785]  INFO -- : 0:  actionmailer (4.0.4) from /home/stax/.rvm/gems/ruby-2.1.0/specifications/actionmailer-4.0.4.gemspec
I, [2014-03-26T16:21:24.447823 #3785]  INFO -- : 0:  activemodel (4.0.4) from /home/stax/.rvm/gems/ruby-2.1.0/specifications/activemodel-4.0.4.gemspec
I, [2014-03-26T16:21:24.448885 #3785]  INFO -- : 0:  activerecord-deprecated_finders (1.0.3) from /home/stax/.rvm/gems/ruby-2.1.0/specifications/activerecord-deprecated_finders-1.0.3.gemspec
I, [2014-03-26T16:21:24.449981 #3785]  INFO -- : 0:  arel (4.0.2) from /home/stax/.rvm/gems/ruby-2.1.0/specifications/arel-4.0.2.gemspec
I, [2014-03-26T16:21:24.450987 #3785]  INFO -- : 0:  activerecord (4.0.4) from /home/stax/.rvm/gems/ruby-2.1.0/specifications/activerecord-4.0.4.gemspec
I, [2014-03-26T16:21:24.452094 #3785]  INFO -- : 0:  bundler (1.5.0) from /home/stax/.rvm/gems/ruby-2.1.0@global/specifications/bundler-1.5.0.gemspec
I, [2014-03-26T16:21:27.972378 #3785]  INFO -- : 0:  coffee-script-source (1.7.0) from /home/stax/.rvm/gems/ruby-2.1.0/specifications/coffee-script-source-1.7.0.gemspec
I, [2014-03-26T16:21:32.075176 #3785]  INFO -- : 0:  execjs (2.0.2) from /home/stax/.rvm/gems/ruby-2.1.0/specifications/execjs-2.0.2.gemspec
I, [2014-03-26T16:21:35.043117 #3785]  INFO -- : 0:  coffee-script (2.2.0) from /home/stax/.rvm/gems/ruby-2.1.0/specifications/coffee-script-2.2.0.gemspec
I, [2014-03-26T16:21:38.669956 #3785]  INFO -- : 0:  thor (0.19.1) from /home/stax/.rvm/gems/ruby-2.1.0/specifications/thor-0.19.1.gemspec
I, [2014-03-26T16:21:38.670350 #3785]  INFO -- : 0:  railties (4.0.4) from /home/stax/.rvm/gems/ruby-2.1.0/specifications/railties-4.0.4.gemspec
I, [2014-03-26T16:21:41.819559 #3785]  INFO -- : 0:  coffee-rails (4.0.1) from /home/stax/.rvm/gems/ruby-2.1.0/specifications/coffee-rails-4.0.1.gemspec
I, [2014-03-26T16:21:41.820763 #3785]  INFO -- : 0:  hike (1.2.3) from /home/stax/.rvm/gems/ruby-2.1.0/specifications/hike-1.2.3.gemspec
I, [2014-03-26T16:21:45.799130 #3785]  INFO -- : 0:  jbuilder (1.5.3) from /home/stax/.rvm/gems/ruby-2.1.0/specifications/jbuilder-1.5.3.gemspec
I, [2014-03-26T16:21:57.003942 #3785]  INFO -- : 0:  jquery-rails (3.1.0) from /home/stax/.rvm/gems/ruby-2.1.0/specifications/jquery-rails-3.1.0.gemspec
E, [2014-03-26T16:21:57.005681 #3785] ERROR -- : Bundler::GemNotFound: Could not find json-1.8.1.gem for installation
/home/stax/.rvm/gems/ruby-2.1.0@global/gems/bundler-1.5.0/lib/bundler/source/rubygems.rb:149:in `cached_gem'  \n/home/stax/.rvm/gems/ruby-2.1.0@global/gems/bundler-1.5.0/lib/bundler/source/rubygems.rb:84:in `install'  \n/home/stax/.rvm/gems/ruby-2.1.0@global/gems/bundler-1.5.0/lib/bundler/installer.rb:111:in `block in install_gem_from_spec'  \n/home/stax/.rvm/gems/ruby-2.1.0@global/gems/bundler-1.5.0/lib/bundler/rubygems_integration.rb:150:in `with_build_args'  \n/home/stax/.rvm/gems/ruby-2.1.0@global/gems/bundler-1.5.0/lib/bundler/installer.rb:110:in `install_gem_from_spec'  \n/home/stax/.rvm/gems/ruby-2.1.0@global/gems/bundler-1.5.0/lib/bundler/installer.rb:295:in `block in install_sequentially'  \n/home/stax/.rvm/rubies/ruby-2.1.0/lib/ruby/2.1.0/forwardable.rb:183:in `each'  \n/home/stax/.rvm/rubies/ruby-2.1.0/lib/ruby/2.1.0/forwardable.rb:183:in `each'  \n/home/stax/.rvm/gems/ruby-2.1.0@global/gems/bundler-1.5.0/lib/bundler/installer.rb:294:in `install_sequentially'  \n/home/stax/.rvm/gems/ruby-2.1.0@global/gems/bundler-1.5.0/lib/bundler/installer.rb:97:in `run'  \n/home/stax/.rvm/gems/ruby-2.1.0@global/gems/bundler-1.5.0/lib/bundler/installer.rb:15:in `install'  \n/home/stax/.rvm/gems/ruby-2.1.0@global/gems/bundler-1.5.0/lib/bundler/cli.rb:257:in `install'  \n/home/stax/.rvm/gems/ruby-2.1.0@global/gems/bundler-1.5.0/lib/bundler/vendor/thor/command.rb:27:in `run'  \n/home/stax/.rvm/gems/ruby-2.1.0@global/gems/bundler-1.5.0/lib/bundler/vendor/thor/invocation.rb:120:in `invoke_command'  \n/home/stax/.rvm/gems/ruby-2.1.0@global/gems/bundler-1.5.0/lib/bundler/vendor/thor.rb:363:in `dispatch'  \n/home/stax/.rvm/gems/ruby-2.1.0@global/gems/bundler-1.5.0/lib/bundler/vendor/thor/base.rb:438:in `start'  \n/home/stax/.rvm/gems/ruby-2.1.0@global/gems/bundler-1.5.0/lib/bundler/cli.rb:10:in `start'  \n/home/stax/.rvm/gems/ruby-2.1.0@global/gems/bundler-1.5.0/bin/bundle:22:in `block in <top (required)>'  \n/home/stax/.rvm/gems/ruby-2.1.0@global/gems/bundler-1.5.0/lib/bundler/friendly_errors.rb:5:in `with_friendly_errors'  \n/home/stax/.rvm/gems/ruby-2.1.0@global/gems/bundler-1.5.0/bin/bundle:22:in `<top (required)>'  \n/home/stax/.rvm/gems/ruby-2.1.0@global/bin/bundle:23:in `load'  \n/home/stax/.rvm/gems/ruby-2.1.0@global/bin/bundle:23:in `<main>'  \n/home/stax/.rvm/gems/ruby-2.1.0/bin/ruby_executable_hooks:15:in `eval'  \n/home/stax/.rvm/gems/ruby-2.1.0/bin/ruby_executable_hooks:15:in `<main>'
I, [2014-03-26T16:23:58.693260 #3876]  INFO -- : 0:  rake (10.2.1) from /home/stax/.rvm/gems/ruby-2.1.0/specifications/rake-10.2.1.gemspec
I, [2014-03-26T16:23:58.693649 #3876]  INFO -- : 0:  i18n (0.6.9) from /home/stax/.rvm/gems/ruby-2.1.0/specifications/i18n-0.6.9.gemspec
I, [2014-03-26T16:23:58.756290 #3876]  INFO -- : 0:  minitest (4.7.5) from /home/stax/.rvm/gems/ruby-2.1.0/specifications/minitest-4.7.5.gemspec
I, [2014-03-26T16:23:58.757533 #3876]  INFO -- : 0:  multi_json (1.9.2) from /home/stax/.rvm/gems/ruby-2.1.0/specifications/multi_json-1.9.2.gemspec
I, [2014-03-26T16:23:58.758518 #3876]  INFO -- : 0:  atomic (1.1.16) from /home/stax/.rvm/gems/ruby-2.1.0/specifications/atomic-1.1.16.gemspec
I, [2014-03-26T16:23:58.759442 #3876]  INFO -- : 0:  thread_safe (0.3.1) from /home/stax/.rvm/gems/ruby-2.1.0/specifications/thread_safe-0.3.1.gemspec
I, [2014-03-26T16:23:58.760369 #3876]  INFO -- : 0:  tzinfo (0.3.39) from /home/stax/.rvm/gems/ruby-2.1.0/specifications/tzinfo-0.3.39.gemspec
I, [2014-03-26T16:23:58.761255 #3876]  INFO -- : 0:  activesupport (4.0.4) from /home/stax/.rvm/gems/ruby-2.1.0/specifications/activesupport-4.0.4.gemspec
I, [2014-03-26T16:23:58.762153 #3876]  INFO -- : 0:  builder (3.1.4) from /home/stax/.rvm/gems/ruby-2.1.0/specifications/builder-3.1.4.gemspec
I, [2014-03-26T16:23:58.763061 #3876]  INFO -- : 0:  erubis (2.7.0) from /home/stax/.rvm/gems/ruby-2.1.0/specifications/erubis-2.7.0.gemspec
I, [2014-03-26T16:23:58.763950 #3876]  INFO -- : 0:  rack (1.5.2) from /home/stax/.rvm/gems/ruby-2.1.0/specifications/rack-1.5.2.gemspec
I, [2014-03-26T16:23:58.764835 #3876]  INFO -- : 0:  rack-test (0.6.2) from /home/stax/.rvm/gems/ruby-2.1.0/specifications/rack-test-0.6.2.gemspec
I, [2014-03-26T16:23:58.765741 #3876]  INFO -- : 0:  actionpack (4.0.4) from /home/stax/.rvm/gems/ruby-2.1.0/specifications/actionpack-4.0.4.gemspec
I, [2014-03-26T16:23:58.766691 #3876]  INFO -- : 0:  mime-types (1.25.1) from /home/stax/.rvm/gems/ruby-2.1.0/specifications/mime-types-1.25.1.gemspec
I, [2014-03-26T16:23:58.767607 #3876]  INFO -- : 0:  polyglot (0.3.4) from /home/stax/.rvm/gems/ruby-2.1.0/specifications/polyglot-0.3.4.gemspec
I, [2014-03-26T16:23:58.768519 #3876]  INFO -- : 0:  treetop (1.4.15) from /home/stax/.rvm/gems/ruby-2.1.0/specifications/treetop-1.4.15.gemspec
I, [2014-03-26T16:23:58.769494 #3876]  INFO -- : 0:  mail (2.5.4) from /home/stax/.rvm/gems/ruby-2.1.0/specifications/mail-2.5.4.gemspec
I, [2014-03-26T16:23:58.770543 #3876]  INFO -- : 0:  actionmailer (4.0.4) from /home/stax/.rvm/gems/ruby-2.1.0/specifications/actionmailer-4.0.4.gemspec
I, [2014-03-26T16:23:58.771605 #3876]  INFO -- : 0:  activemodel (4.0.4) from /home/stax/.rvm/gems/ruby-2.1.0/specifications/activemodel-4.0.4.gemspec
I, [2014-03-26T16:23:58.772627 #3876]  INFO -- : 0:  activerecord-deprecated_finders (1.0.3) from /home/stax/.rvm/gems/ruby-2.1.0/specifications/activerecord-deprecated_finders-1.0.3.gemspec
I, [2014-03-26T16:23:58.773673 #3876]  INFO -- : 0:  arel (4.0.2) from /home/stax/.rvm/gems/ruby-2.1.0/specifications/arel-4.0.2.gemspec
I, [2014-03-26T16:23:58.773936 #3876]  INFO -- : 0:  activerecord (4.0.4) from /home/stax/.rvm/gems/ruby-2.1.0/specifications/activerecord-4.0.4.gemspec
I, [2014-03-26T16:23:58.774187 #3876]  INFO -- : 0:  bundler (1.5.0) from /home/stax/.rvm/gems/ruby-2.1.0@global/specifications/bundler-1.5.0.gemspec
I, [2014-03-26T16:23:58.774458 #3876]  INFO -- : 0:  coffee-script-source (1.7.0) from /home/stax/.rvm/gems/ruby-2.1.0/specifications/coffee-script-source-1.7.0.gemspec
I, [2014-03-26T16:23:58.774712 #3876]  INFO -- : 0:  execjs (2.0.2) from /home/stax/.rvm/gems/ruby-2.1.0/specifications/execjs-2.0.2.gemspec
I, [2014-03-26T16:23:58.774977 #3876]  INFO -- : 0:  coffee-script (2.2.0) from /home/stax/.rvm/gems/ruby-2.1.0/specifications/coffee-script-2.2.0.gemspec
I, [2014-03-26T16:23:58.775243 #3876]  INFO -- : 0:  thor (0.19.1) from /home/stax/.rvm/gems/ruby-2.1.0/specifications/thor-0.19.1.gemspec
I, [2014-03-26T16:23:58.775499 #3876]  INFO -- : 0:  railties (4.0.4) from /home/stax/.rvm/gems/ruby-2.1.0/specifications/railties-4.0.4.gemspec
I, [2014-03-26T16:23:58.775762 #3876]  INFO -- : 0:  coffee-rails (4.0.1) from /home/stax/.rvm/gems/ruby-2.1.0/specifications/coffee-rails-4.0.1.gemspec
I, [2014-03-26T16:23:58.776166 #3876]  INFO -- : 0:  hike (1.2.3) from /home/stax/.rvm/gems/ruby-2.1.0/specifications/hike-1.2.3.gemspec
I, [2014-03-26T16:23:58.776528 #3876]  INFO -- : 0:  jbuilder (1.5.3) from /home/stax/.rvm/gems/ruby-2.1.0/specifications/jbuilder-1.5.3.gemspec
I, [2014-03-26T16:23:58.776947 #3876]  INFO -- : 0:  jquery-rails (3.1.0) from /home/stax/.rvm/gems/ruby-2.1.0/specifications/jquery-rails-3.1.0.gemspec
I, [2014-03-26T16:23:59.884297 #3876]  INFO -- : 0:  json (1.8.1) from /home/stax/.rvm/gems/ruby-2.1.0/specifications/json-1.8.1.gemspec
I, [2014-03-26T16:23:59.885762 #3876]  INFO -- : 0:  tilt (1.4.1) from /home/stax/.rvm/gems/ruby-2.1.0/specifications/tilt-1.4.1.gemspec
I, [2014-03-26T16:24:03.677098 #3876]  INFO -- : 0:  sprockets (2.11.0) from /home/stax/.rvm/gems/ruby-2.1.0/specifications/sprockets-2.11.0.gemspec
I, [2014-03-26T16:24:03.678391 #3876]  INFO -- : 0:  sprockets-rails (2.0.1) from /home/stax/.rvm/gems/ruby-2.1.0/specifications/sprockets-rails-2.0.1.gemspec
I, [2014-03-26T16:24:03.679320 #3876]  INFO -- : 0:  rails (4.0.4) from /home/stax/.rvm/gems/ruby-2.1.0/specifications/rails-4.0.4.gemspec
I, [2014-03-26T16:24:29.263876 #3876]  INFO -- : 0:  rdoc (4.1.1) from /home/stax/.rvm/gems/ruby-2.1.0/specifications/rdoc-4.1.1.gemspec
I, [2014-03-26T16:24:43.560723 #3876]  INFO -- : 0:  sass (3.2.18) from /home/stax/.rvm/gems/ruby-2.1.0/specifications/sass-3.2.18.gemspec
I, [2014-03-26T16:24:50.333372 #3876]  INFO -- : 0:  sass-rails (4.0.2) from /home/stax/.rvm/gems/ruby-2.1.0/specifications/sass-rails-4.0.2.gemspec
I, [2014-03-26T16:24:55.481805 #3876]  INFO -- : 0:  sdoc (0.4.0) from /home/stax/.rvm/gems/ruby-2.1.0/specifications/sdoc-0.4.0.gemspec
I, [2014-03-26T16:25:02.732022 #3876]  INFO -- : 0:  sqlite3 (1.3.9) from /home/stax/.rvm/gems/ruby-2.1.0/specifications/sqlite3-1.3.9.gemspec
I, [2014-03-26T16:25:05.679867 #3876]  INFO -- : 0:  turbolinks (2.2.1) from /home/stax/.rvm/gems/ruby-2.1.0/specifications/turbolinks-2.2.1.gemspec
I, [2014-03-26T16:25:15.338195 #3876]  INFO -- : 0:  uglifier (2.5.0) from /home/stax/.rvm/gems/ruby-2.1.0/specifications/uglifier-2.5.0.gemspec
